*** Starting uWSGI 2.0.17 (64bit) on [Fri Oct 19 09:23:03 2018] ***
compiled with version: 4.8.5 20150623 (Red Hat 4.8.5-16) on 13 March 2018 08:19:00
os: Linux-3.10.0-229.el7.x86_64 #1 SMP Fri Mar 6 11:36:42 UTC 2015
nodename: slave
machine: x86_64
clock source: unix
pcre jit disabled
detected number of CPU cores: 8
current working directory: /home/biaozhuxitong/match_icd/script
detected binary path: /root/anaconda2/bin/uwsgi
uWSGI running as root, you can use --uid/--gid/--chroot options
*** WARNING: you are running uWSGI as root !!! (use the --uid flag) *** 
*** WARNING: you are running uWSGI without its master process manager ***
your processes number limit is 4096
your memory page size is 4096 bytes
detected max file descriptor number: 65536
lock engine: pthread robust mutexes
thunder lock: disabled (you can enable it with --thunder-lock)
uwsgi socket 0 bound to TCP address :9003 fd 3
uWSGI running as root, you can use --uid/--gid/--chroot options
*** WARNING: you are running uWSGI as root !!! (use the --uid flag) *** 
Python version: 2.7.14 |Anaconda, Inc.| (default, Oct 16 2017, 17:29:19)  [GCC 7.2.0]
*** Python threads support is disabled. You can enable it with --enable-threads ***
Python main interpreter initialized at 0xca5430
uWSGI running as root, you can use --uid/--gid/--chroot options
*** WARNING: you are running uWSGI as root !!! (use the --uid flag) *** 
your server socket listen backlog is limited to 100 connections
your mercy for graceful operations on workers is 60 seconds
mapped 72920 bytes (71 KB) for 1 cores
*** Operational MODE: single process ***
/root/anaconda2/lib/python2.7/site-packages/fuzzywuzzy/fuzz.py:35: UserWarning: Using slow pure-python SequenceMatcher. Install python-Levenshtein to remove this warning
  warnings.warn('Using slow pure-python SequenceMatcher. Install python-Levenshtein to remove this warning')
Model file cannot be opened for loading!
Traceback (most recent call last):
  File "./service.py", line 6, in <module>
    from match_ICD10_api_zhenduan import icd_service as zd_icd_service
  File "./match_ICD10_api_zhenduan.py", line 11, in <module>
    import utils
  File "./utils.py", line 26, in <module>
    ft_model.load_model('../data/bcjl_model1.bin')
  File "src/pyfasttext.pyx", line 661, in pyfasttext.FastText.load_model
RuntimeError: fastext tried to exit: 1
unable to load app 0 (mountpoint='') (callable not found or import error)
Model file cannot be opened for loading!
Traceback (most recent call last):
  File "service.py", line 6, in <module>
    from match_ICD10_api_zhenduan import icd_service as zd_icd_service
  File "./match_ICD10_api_zhenduan.py", line 11, in <module>
    import utils
  File "./utils.py", line 26, in <module>
    ft_model.load_model('../data/bcjl_model1.bin')
  File "src/pyfasttext.pyx", line 661, in pyfasttext.FastText.load_model
RuntimeError: fastext tried to exit: 1
unable to load app 0 (mountpoint='') (callable not found or import error)
*** no app loaded. going in full dynamic mode ***
uWSGI running as root, you can use --uid/--gid/--chroot options
*** WARNING: you are running uWSGI as root !!! (use the --uid flag) *** 
*** uWSGI is running in multiple interpreter mode ***
spawned uWSGI worker 1 (and the only) (pid: 20856, cores: 1)
--- no python application found, check your startup logs for errors ---
[pid: 20856|app: -1|req: -1/1] 127.0.0.1 () {40 vars in 544 bytes} [Fri Oct 19 09:51:41 2018] POST /match_icd => generated 21 bytes in 0 msecs (HTTP/1.1 500) 2 headers in 83 bytes (0 switches on core 0)
--- no python application found, check your startup logs for errors ---
[pid: 20856|app: -1|req: -1/2] 127.0.0.1 () {40 vars in 544 bytes} [Fri Oct 19 09:58:01 2018] POST /match_icd => generated 21 bytes in 0 msecs (HTTP/1.1 500) 2 headers in 83 bytes (0 switches on core 0)
*** Starting uWSGI 2.0.17 (64bit) on [Fri Oct 19 10:13:27 2018] ***
compiled with version: 4.8.5 20150623 (Red Hat 4.8.5-16) on 13 March 2018 08:19:00
os: Linux-3.10.0-229.el7.x86_64 #1 SMP Fri Mar 6 11:36:42 UTC 2015
nodename: slave
machine: x86_64
clock source: unix
pcre jit disabled
detected number of CPU cores: 8
current working directory: /home/biaozhuxitong/match_icd/script
detected binary path: /root/anaconda2/bin/uwsgi
uWSGI running as root, you can use --uid/--gid/--chroot options
*** WARNING: you are running uWSGI as root !!! (use the --uid flag) *** 
*** WARNING: you are running uWSGI without its master process manager ***
your processes number limit is 4096
your memory page size is 4096 bytes
detected max file descriptor number: 65536
lock engine: pthread robust mutexes
thunder lock: disabled (you can enable it with --thunder-lock)
uwsgi socket 0 bound to TCP address :9003 fd 3
uWSGI running as root, you can use --uid/--gid/--chroot options
*** WARNING: you are running uWSGI as root !!! (use the --uid flag) *** 
Python version: 2.7.14 |Anaconda, Inc.| (default, Oct 16 2017, 17:29:19)  [GCC 7.2.0]
*** Python threads support is disabled. You can enable it with --enable-threads ***
Python main interpreter initialized at 0xe51430
uWSGI running as root, you can use --uid/--gid/--chroot options
*** WARNING: you are running uWSGI as root !!! (use the --uid flag) *** 
your server socket listen backlog is limited to 100 connections
your mercy for graceful operations on workers is 60 seconds
mapped 72920 bytes (71 KB) for 1 cores
*** Operational MODE: single process ***
/root/anaconda2/lib/python2.7/site-packages/fuzzywuzzy/fuzz.py:35: UserWarning: Using slow pure-python SequenceMatcher. Install python-Levenshtein to remove this warning
  warnings.warn('Using slow pure-python SequenceMatcher. Install python-Levenshtein to remove this warning')
Traceback (most recent call last):
  File "./service.py", line 6, in <module>
    from match_ICD10_api_zhenduan import icd_service as zd_icd_service
  File "./match_ICD10_api_zhenduan.py", line 542, in <module>
    icd_service(["左侧胁肋部疼痛"], ["LC"], size=5)
  File "./match_ICD10_api_zhenduan.py", line 515, in icd_service
    res = m_icd.matched_dis(data, source_list, size)
  File "./match_ICD10_api_zhenduan.py", line 79, in matched_dis
    return self.match_region_core(dis_list, source_list, res)
  File "./match_ICD10_api_zhenduan.py", line 166, in match_region_core
    terms_dict = eval(terms_dict)
  File "<string>", line 1
    Internal Server Error
                  ^
SyntaxError: invalid syntax
unable to load app 0 (mountpoint='') (callable not found or import error)
Traceback (most recent call last):
  File "service.py", line 6, in <module>
    from match_ICD10_api_zhenduan import icd_service as zd_icd_service
  File "./match_ICD10_api_zhenduan.py", line 542, in <module>
    icd_service(["左侧胁肋部疼痛"], ["LC"], size=5)
  File "./match_ICD10_api_zhenduan.py", line 515, in icd_service
    res = m_icd.matched_dis(data, source_list, size)
  File "./match_ICD10_api_zhenduan.py", line 79, in matched_dis
    return self.match_region_core(dis_list, source_list, res)
  File "./match_ICD10_api_zhenduan.py", line 166, in match_region_core
    terms_dict = eval(terms_dict)
  File "<string>", line 1
    Internal Server Error
                  ^
SyntaxError: invalid syntax
unable to load app 0 (mountpoint='') (callable not found or import error)
*** no app loaded. going in full dynamic mode ***
uWSGI running as root, you can use --uid/--gid/--chroot options
*** WARNING: you are running uWSGI as root !!! (use the --uid flag) *** 
*** uWSGI is running in multiple interpreter mode ***
spawned uWSGI worker 1 (and the only) (pid: 26306, cores: 1)
--- no python application found, check your startup logs for errors ---
[pid: 26306|app: -1|req: -1/1] 127.0.0.1 () {40 vars in 544 bytes} [Fri Oct 19 10:51:01 2018] POST /match_icd => generated 21 bytes in 14 msecs (HTTP/1.1 500) 2 headers in 83 bytes (0 switches on core 0)
*** Starting uWSGI 2.0.17 (64bit) on [Fri Oct 19 11:23:57 2018] ***
compiled with version: 4.8.5 20150623 (Red Hat 4.8.5-16) on 13 March 2018 08:19:00
os: Linux-3.10.0-229.el7.x86_64 #1 SMP Fri Mar 6 11:36:42 UTC 2015
nodename: slave
machine: x86_64
clock source: unix
pcre jit disabled
detected number of CPU cores: 8
current working directory: /home/biaozhuxitong/match_icd/script
detected binary path: /root/anaconda2/bin/uwsgi
uWSGI running as root, you can use --uid/--gid/--chroot options
*** WARNING: you are running uWSGI as root !!! (use the --uid flag) *** 
*** WARNING: you are running uWSGI without its master process manager ***
your processes number limit is 4096
your memory page size is 4096 bytes
detected max file descriptor number: 65536
lock engine: pthread robust mutexes
thunder lock: disabled (you can enable it with --thunder-lock)
uwsgi socket 0 bound to TCP address :9003 fd 3
uWSGI running as root, you can use --uid/--gid/--chroot options
*** WARNING: you are running uWSGI as root !!! (use the --uid flag) *** 
Python version: 2.7.14 |Anaconda, Inc.| (default, Oct 16 2017, 17:29:19)  [GCC 7.2.0]
*** Python threads support is disabled. You can enable it with --enable-threads ***
Python main interpreter initialized at 0x1e3d430
uWSGI running as root, you can use --uid/--gid/--chroot options
*** WARNING: you are running uWSGI as root !!! (use the --uid flag) *** 
your server socket listen backlog is limited to 100 connections
your mercy for graceful operations on workers is 60 seconds
mapped 72920 bytes (71 KB) for 1 cores
*** Operational MODE: single process ***
/root/anaconda2/lib/python2.7/site-packages/fuzzywuzzy/fuzz.py:35: UserWarning: Using slow pure-python SequenceMatcher. Install python-Levenshtein to remove this warning
  warnings.warn('Using slow pure-python SequenceMatcher. Install python-Levenshtein to remove this warning')
Traceback (most recent call last):
  File "./service.py", line 6, in <module>
    from match_ICD10_api_zhenduan import icd_service as zd_icd_service
  File "./match_ICD10_api_zhenduan.py", line 542, in <module>
    icd_service(["左侧胁肋部疼痛"], ["LC"], size=5)
  File "./match_ICD10_api_zhenduan.py", line 515, in icd_service
    res = m_icd.matched_dis(data, source_list, size)
  File "./match_ICD10_api_zhenduan.py", line 79, in matched_dis
    return self.match_region_core(dis_list, source_list, res)
  File "./match_ICD10_api_zhenduan.py", line 166, in match_region_core
    terms_dict = eval(terms_dict)
  File "<string>", line 1
    Internal Server Error
                  ^
SyntaxError: invalid syntax
unable to load app 0 (mountpoint='') (callable not found or import error)
Traceback (most recent call last):
  File "service.py", line 6, in <module>
    from match_ICD10_api_zhenduan import icd_service as zd_icd_service
  File "./match_ICD10_api_zhenduan.py", line 542, in <module>
    icd_service(["左侧胁肋部疼痛"], ["LC"], size=5)
  File "./match_ICD10_api_zhenduan.py", line 515, in icd_service
    res = m_icd.matched_dis(data, source_list, size)
  File "./match_ICD10_api_zhenduan.py", line 79, in matched_dis
    return self.match_region_core(dis_list, source_list, res)
  File "./match_ICD10_api_zhenduan.py", line 166, in match_region_core
    terms_dict = eval(terms_dict)
  File "<string>", line 1
    Internal Server Error
                  ^
SyntaxError: invalid syntax
unable to load app 0 (mountpoint='') (callable not found or import error)
*** no app loaded. going in full dynamic mode ***
uWSGI running as root, you can use --uid/--gid/--chroot options
*** WARNING: you are running uWSGI as root !!! (use the --uid flag) *** 
*** uWSGI is running in multiple interpreter mode ***
spawned uWSGI worker 1 (and the only) (pid: 1061, cores: 1)
*** Starting uWSGI 2.0.17 (64bit) on [Fri Oct 19 11:31:08 2018] ***
compiled with version: 4.8.5 20150623 (Red Hat 4.8.5-16) on 13 March 2018 08:19:00
os: Linux-3.10.0-229.el7.x86_64 #1 SMP Fri Mar 6 11:36:42 UTC 2015
nodename: slave
machine: x86_64
clock source: unix
pcre jit disabled
detected number of CPU cores: 8
current working directory: /home/biaozhuxitong/match_icd/script
detected binary path: /root/anaconda2/bin/uwsgi
uWSGI running as root, you can use --uid/--gid/--chroot options
*** WARNING: you are running uWSGI as root !!! (use the --uid flag) *** 
*** WARNING: you are running uWSGI without its master process manager ***
your processes number limit is 4096
your memory page size is 4096 bytes
detected max file descriptor number: 65536
lock engine: pthread robust mutexes
thunder lock: disabled (you can enable it with --thunder-lock)
uwsgi socket 0 bound to TCP address :9003 fd 3
uWSGI running as root, you can use --uid/--gid/--chroot options
*** WARNING: you are running uWSGI as root !!! (use the --uid flag) *** 
Python version: 2.7.14 |Anaconda, Inc.| (default, Oct 16 2017, 17:29:19)  [GCC 7.2.0]
*** Python threads support is disabled. You can enable it with --enable-threads ***
Python main interpreter initialized at 0xf06430
uWSGI running as root, you can use --uid/--gid/--chroot options
*** WARNING: you are running uWSGI as root !!! (use the --uid flag) *** 
your server socket listen backlog is limited to 100 connections
your mercy for graceful operations on workers is 60 seconds
mapped 72920 bytes (71 KB) for 1 cores
*** Operational MODE: single process ***
/root/anaconda2/lib/python2.7/site-packages/fuzzywuzzy/fuzz.py:35: UserWarning: Using slow pure-python SequenceMatcher. Install python-Levenshtein to remove this warning
  warnings.warn('Using slow pure-python SequenceMatcher. Install python-Levenshtein to remove this warning')
左侧胁肋部疼痛
疼痛 R52.900 59 国家临床版
急性疼痛 R52.000 36 国家临床版
性交疼痛 N94.100 36 国家临床版
-----
WSGI app 0 (mountpoint='') ready in 12 seconds on interpreter 0xf06430 pid: 2874 (default app)
mountpoint  already configured. skip.
uWSGI running as root, you can use --uid/--gid/--chroot options
*** WARNING: you are running uWSGI as root !!! (use the --uid flag) *** 
*** uWSGI is running in multiple interpreter mode ***
spawned uWSGI worker 1 (and the only) (pid: 2874, cores: 1)
高血压
高血压 I10xx02 105 北京临床版
-----
[pid: 2874|app: 0|req: 1/1] 113.240.55.249 () {38 vars in 550 bytes} [Fri Oct 19 14:01:42 2018] POST /match_icd => generated 177 bytes in 3406 msecs (HTTP/1.1 200) 1 headers in 51 bytes (2 switches on core 0)
高血压
高血压 I10xx02 105 北京临床版
-----
[pid: 2874|app: 0|req: 2/2] 113.240.55.249 () {38 vars in 550 bytes} [Fri Oct 19 14:07:45 2018] POST /match_icd => generated 177 bytes in 2833 msecs (HTTP/1.1 200) 1 headers in 51 bytes (2 switches on core 0)
高血压
高血压 I10xx02 105 北京临床版
-----
[pid: 2874|app: 0|req: 3/3] 113.240.55.249 () {38 vars in 550 bytes} [Fri Oct 19 14:13:17 2018] POST /match_icd => generated 177 bytes in 3189 msecs (HTTP/1.1 200) 1 headers in 51 bytes (2 switches on core 0)
高血压
高血压 I10xx02 105 北京临床版
-----
[pid: 2874|app: 0|req: 4/4] 113.240.55.249 () {38 vars in 550 bytes} [Fri Oct 19 14:30:47 2018] POST /match_icd => generated 177 bytes in 3318 msecs (HTTP/1.1 200) 1 headers in 51 bytes (2 switches on core 0)
高血压
高血压 I10xx02 105 北京临床版
-----
[pid: 2874|app: 0|req: 5/5] 113.240.55.249 () {38 vars in 550 bytes} [Fri Oct 19 14:37:25 2018] POST /match_icd => generated 177 bytes in 2598 msecs (HTTP/1.1 200) 1 headers in 51 bytes (2 switches on core 0)
肋骨骨折
肋骨骨折 S22.300 105 国标版
肋骨骨折 S22.321 105 北京临床版
肋骨骨折 S22.300 105 国家临床版
肋骨多处骨折 S22.400 80 国家临床版
肋骨多处骨折 S22.400 80 国标版
面骨骨折 S02.901 75 国家临床版
面骨骨折 S02.901 75 北京临床版
面骨骨折 S02.901 75 国标版
陈旧性肋骨骨折 T91.201 73 北京临床版
肋骨多发性骨折 S22.401 73 北京临床版
-----
[pid: 2874|app: 0|req: 6/6] 127.0.0.1 () {40 vars in 544 bytes} [Fri Oct 19 14:57:36 2018] POST /match_icd => generated 1223 bytes in 12760 msecs (HTTP/1.1 200) 1 headers in 51 bytes (2 switches on core 0)
高血压
高血压 I10xx02 105 北京临床版
-----
[pid: 2874|app: 0|req: 7/7] 113.240.55.249 () {38 vars in 550 bytes} [Fri Oct 19 15:04:30 2018] POST /match_icd => generated 177 bytes in 3341 msecs (HTTP/1.1 200) 1 headers in 51 bytes (2 switches on core 0)
高血压
高血压 I10xx02 105 北京临床版
-----
[pid: 2874|app: 0|req: 8/8] 113.240.55.249 () {38 vars in 550 bytes} [Fri Oct 19 15:06:13 2018] POST /match_icd => generated 177 bytes in 2607 msecs (HTTP/1.1 200) 1 headers in 51 bytes (2 switches on core 0)
高血压
高血压 I10xx02 105 北京临床版
-----
[pid: 2874|app: 0|req: 9/9] 113.240.55.249 () {38 vars in 550 bytes} [Fri Oct 19 15:07:20 2018] POST /match_icd => generated 177 bytes in 3096 msecs (HTTP/1.1 200) 1 headers in 51 bytes (2 switches on core 0)
高血压
高血压 I10xx02 105 北京临床版
-----
[pid: 2874|app: 0|req: 10/10] 113.240.55.249 () {38 vars in 550 bytes} [Fri Oct 19 15:18:37 2018] POST /match_icd => generated 177 bytes in 3217 msecs (HTTP/1.1 200) 1 headers in 51 bytes (2 switches on core 0)
*** Starting uWSGI 2.0.17 (64bit) on [Fri Oct 19 15:37:53 2018] ***
compiled with version: 4.8.5 20150623 (Red Hat 4.8.5-16) on 13 March 2018 08:19:00
os: Linux-3.10.0-229.el7.x86_64 #1 SMP Fri Mar 6 11:36:42 UTC 2015
nodename: slave
machine: x86_64
clock source: unix
pcre jit disabled
detected number of CPU cores: 8
current working directory: /home/biaozhuxitong/match_icd/script
detected binary path: /root/anaconda2/bin/uwsgi
uWSGI running as root, you can use --uid/--gid/--chroot options
*** WARNING: you are running uWSGI as root !!! (use the --uid flag) *** 
*** WARNING: you are running uWSGI without its master process manager ***
your processes number limit is 4096
your memory page size is 4096 bytes
detected max file descriptor number: 65536
lock engine: pthread robust mutexes
thunder lock: disabled (you can enable it with --thunder-lock)
uwsgi socket 0 bound to TCP address :9003 fd 3
uWSGI running as root, you can use --uid/--gid/--chroot options
*** WARNING: you are running uWSGI as root !!! (use the --uid flag) *** 
Python version: 2.7.14 |Anaconda, Inc.| (default, Oct 16 2017, 17:29:19)  [GCC 7.2.0]
*** Python threads support is disabled. You can enable it with --enable-threads ***
Python main interpreter initialized at 0x144a430
uWSGI running as root, you can use --uid/--gid/--chroot options
*** WARNING: you are running uWSGI as root !!! (use the --uid flag) *** 
your server socket listen backlog is limited to 100 connections
your mercy for graceful operations on workers is 60 seconds
mapped 72920 bytes (71 KB) for 1 cores
*** Operational MODE: single process ***
/root/anaconda2/lib/python2.7/site-packages/fuzzywuzzy/fuzz.py:35: UserWarning: Using slow pure-python SequenceMatcher. Install python-Levenshtein to remove this warning
  warnings.warn('Using slow pure-python SequenceMatcher. Install python-Levenshtein to remove this warning')
WSGI app 0 (mountpoint='') ready in 8 seconds on interpreter 0x144a430 pid: 26918 (default app)
mountpoint  already configured. skip.
uWSGI running as root, you can use --uid/--gid/--chroot options
*** WARNING: you are running uWSGI as root !!! (use the --uid flag) *** 
*** uWSGI is running in multiple interpreter mode ***
spawned uWSGI worker 1 (and the only) (pid: 26918, cores: 1)
[pid: 26918|app: 0|req: 1/1] 127.0.0.1 () {40 vars in 544 bytes} [Fri Oct 19 15:43:32 2018] POST /match_icd => generated 1223 bytes in 12429 msecs (HTTP/1.1 200) 1 headers in 51 bytes (2 switches on core 0)
[pid: 26918|app: 0|req: 2/2] 113.240.55.249 () {38 vars in 550 bytes} [Fri Oct 19 16:38:09 2018] POST /match_icd => generated 177 bytes in 3260 msecs (HTTP/1.1 200) 1 headers in 51 bytes (2 switches on core 0)
[pid: 26918|app: 0|req: 3/3] 10.10.0.1 () {40 vars in 694 bytes} [Sun Oct 21 20:45:17 2018] GET /match_icd => generated 178 bytes in 425 msecs (HTTP/1.1 405) 3 headers in 103 bytes (1 switches on core 0)
[pid: 26918|app: 0|req: 4/4] 10.10.0.1 () {38 vars in 603 bytes} [Sun Oct 21 20:45:17 2018] GET /favicon.ico => generated 233 bytes in 46 msecs (HTTP/1.1 404) 2 headers in 72 bytes (1 switches on core 0)
[pid: 26918|app: 0|req: 5/5] 10.10.0.1 () {38 vars in 663 bytes} [Sun Oct 21 20:45:17 2018] GET /favicon.ico => generated 233 bytes in 1 msecs (HTTP/1.1 404) 2 headers in 72 bytes (1 switches on core 0)
[pid: 26918|app: 0|req: 6/6] 223.167.152.70 () {36 vars in 595 bytes} [Sun Oct 21 20:46:17 2018] GET /match_icd => generated 178 bytes in 1 msecs (HTTP/1.1 405) 3 headers in 103 bytes (1 switches on core 0)
[pid: 26918|app: 0|req: 7/7] 112.224.67.140 () {40 vars in 700 bytes} [Mon Oct 22 14:29:25 2018] GET /match_icd => generated 178 bytes in 135 msecs (HTTP/1.1 405) 3 headers in 103 bytes (1 switches on core 0)
[pid: 26918|app: 0|req: 8/8] 112.224.67.140 () {38 vars in 669 bytes} [Mon Oct 22 14:29:26 2018] GET /favicon.ico => generated 233 bytes in 1 msecs (HTTP/1.1 404) 2 headers in 72 bytes (1 switches on core 0)
[pid: 26918|app: 0|req: 9/9] 112.224.67.140 () {42 vars in 731 bytes} [Mon Oct 22 14:29:34 2018] GET /match_icd => generated 178 bytes in 1 msecs (HTTP/1.1 405) 3 headers in 103 bytes (1 switches on core 0)
[pid: 26918|app: 0|req: 10/10] 112.224.67.140 () {42 vars in 731 bytes} [Mon Oct 22 14:29:37 2018] GET /match_icd => generated 178 bytes in 1 msecs (HTTP/1.1 405) 3 headers in 103 bytes (1 switches on core 0)
[pid: 26918|app: 0|req: 11/11] 221.11.61.177 () {42 vars in 687 bytes} [Mon Oct 22 15:44:00 2018] POST /match_icd => generated 192 bytes in 119 msecs (HTTP/1.1 400) 2 headers in 74 bytes (1 switches on core 0)
[pid: 26918|app: 0|req: 12/12] 221.11.61.177 () {42 vars in 691 bytes} [Mon Oct 22 15:48:03 2018] POST /seg_service => generated 233 bytes in 19 msecs (HTTP/1.1 404) 2 headers in 72 bytes (1 switches on core 0)
[pid: 26918|app: 0|req: 13/13] 221.11.61.177 () {42 vars in 691 bytes} [Mon Oct 22 15:48:36 2018] POST /seg_service => generated 233 bytes in 1 msecs (HTTP/1.1 404) 2 headers in 72 bytes (1 switches on core 0)
[pid: 26918|app: 0|req: 14/14] 10.10.0.1 () {42 vars in 598 bytes} [Tue Oct 23 14:49:46 2018] POST /match_icd => generated 447 bytes in 4293 msecs (HTTP/1.1 200) 1 headers in 51 bytes (2 switches on core 0)
[pid: 26918|app: 0|req: 15/15] 111.75.150.3 () {36 vars in 537 bytes} [Sat Oct 27 12:55:21 2018] GET /manager/html => generated 233 bytes in 282 msecs (HTTP/1.1 404) 2 headers in 72 bytes (1 switches on core 0)
[pid: 26918|app: 0|req: 16/16] 125.64.94.200 () {26 vars in 297 bytes} [Mon Oct 29 03:40:29 2018] GET / => generated 233 bytes in 168 msecs (HTTP/1.0 404) 2 headers in 72 bytes (1 switches on core 0)
[pid: 26918|app: 0|req: 17/17] 60.191.38.78 () {34 vars in 475 bytes} [Sat Nov  3 11:30:38 2018] GET / => generated 233 bytes in 145 msecs (HTTP/1.1 404) 2 headers in 72 bytes (1 switches on core 0)
[pid: 26918|app: 0|req: 18/18] 198.108.67.32 () {28 vars in 328 bytes} [Wed Nov  7 00:14:22 2018] GET / => generated 233 bytes in 335 msecs (HTTP/1.1 404) 2 headers in 72 bytes (1 switches on core 0)
[pid: 26918|app: 0|req: 19/19] 113.119.71.243 () {42 vars in 778 bytes} [Wed Nov  7 11:25:12 2018] POST /wls-wsat/CoordinatorPortType => generated 233 bytes in 1026 msecs (HTTP/1.1 404) 2 headers in 72 bytes (1 switches on core 0)
[pid: 26918|app: 0|req: 20/20] 113.247.22.134 () {38 vars in 550 bytes} [Mon Nov 12 09:30:24 2018] POST /match_icd => generated 177 bytes in 6264 msecs (HTTP/1.1 200) 1 headers in 51 bytes (2 switches on core 0)
*** Starting uWSGI 2.0.17 (64bit) on [Mon Nov 12 10:28:56 2018] ***
compiled with version: 4.8.5 20150623 (Red Hat 4.8.5-16) on 13 March 2018 08:19:00
os: Linux-3.10.0-229.el7.x86_64 #1 SMP Fri Mar 6 11:36:42 UTC 2015
nodename: slave
machine: x86_64
clock source: unix
pcre jit disabled
detected number of CPU cores: 8
current working directory: /home/biaozhuxitong/match_icd/script
detected binary path: /root/anaconda2/bin/uwsgi
uWSGI running as root, you can use --uid/--gid/--chroot options
*** WARNING: you are running uWSGI as root !!! (use the --uid flag) *** 
*** WARNING: you are running uWSGI without its master process manager ***
your processes number limit is 4096
your memory page size is 4096 bytes
detected max file descriptor number: 65536
lock engine: pthread robust mutexes
thunder lock: disabled (you can enable it with --thunder-lock)
uwsgi socket 0 bound to TCP address :9003 fd 3
uWSGI running as root, you can use --uid/--gid/--chroot options
*** WARNING: you are running uWSGI as root !!! (use the --uid flag) *** 
Python version: 2.7.14 |Anaconda, Inc.| (default, Oct 16 2017, 17:29:19)  [GCC 7.2.0]
*** Python threads support is disabled. You can enable it with --enable-threads ***
Python main interpreter initialized at 0x1092430
uWSGI running as root, you can use --uid/--gid/--chroot options
*** WARNING: you are running uWSGI as root !!! (use the --uid flag) *** 
your server socket listen backlog is limited to 100 connections
your mercy for graceful operations on workers is 60 seconds
mapped 72920 bytes (71 KB) for 1 cores
*** Operational MODE: single process ***
/root/anaconda2/lib/python2.7/site-packages/fuzzywuzzy/fuzz.py:35: UserWarning: Using slow pure-python SequenceMatcher. Install python-Levenshtein to remove this warning
  warnings.warn('Using slow pure-python SequenceMatcher. Install python-Levenshtein to remove this warning')
WSGI app 0 (mountpoint='') ready in 17 seconds on interpreter 0x1092430 pid: 16288 (default app)
mountpoint  already configured. skip.
uWSGI running as root, you can use --uid/--gid/--chroot options
*** WARNING: you are running uWSGI as root !!! (use the --uid flag) *** 
*** uWSGI is running in multiple interpreter mode ***
spawned uWSGI worker 1 (and the only) (pid: 16288, cores: 1)
[pid: 16288|app: 0|req: 1/1] 113.247.22.134 () {38 vars in 550 bytes} [Mon Nov 12 10:29:25 2018] POST /match_icd => generated 177 bytes in 2154 msecs (HTTP/1.1 200) 1 headers in 51 bytes (2 switches on core 0)
*** Starting uWSGI 2.0.17 (64bit) on [Mon Nov 12 10:35:24 2018] ***
compiled with version: 4.8.5 20150623 (Red Hat 4.8.5-16) on 13 March 2018 08:19:00
os: Linux-3.10.0-229.el7.x86_64 #1 SMP Fri Mar 6 11:36:42 UTC 2015
nodename: slave
machine: x86_64
clock source: unix
pcre jit disabled
detected number of CPU cores: 8
current working directory: /home/biaozhuxitong/match_icd/script
detected binary path: /root/anaconda2/bin/uwsgi
uWSGI running as root, you can use --uid/--gid/--chroot options
*** WARNING: you are running uWSGI as root !!! (use the --uid flag) *** 
*** WARNING: you are running uWSGI without its master process manager ***
your processes number limit is 4096
your memory page size is 4096 bytes
detected max file descriptor number: 65536
lock engine: pthread robust mutexes
thunder lock: disabled (you can enable it with --thunder-lock)
uwsgi socket 0 bound to TCP address :9003 fd 3
uWSGI running as root, you can use --uid/--gid/--chroot options
*** WARNING: you are running uWSGI as root !!! (use the --uid flag) *** 
Python version: 2.7.14 |Anaconda, Inc.| (default, Oct 16 2017, 17:29:19)  [GCC 7.2.0]
*** Python threads support is disabled. You can enable it with --enable-threads ***
Python main interpreter initialized at 0x1f1d430
uWSGI running as root, you can use --uid/--gid/--chroot options
*** WARNING: you are running uWSGI as root !!! (use the --uid flag) *** 
your server socket listen backlog is limited to 100 connections
your mercy for graceful operations on workers is 60 seconds
mapped 72920 bytes (71 KB) for 1 cores
*** Operational MODE: single process ***
/root/anaconda2/lib/python2.7/site-packages/fuzzywuzzy/fuzz.py:35: UserWarning: Using slow pure-python SequenceMatcher. Install python-Levenshtein to remove this warning
  warnings.warn('Using slow pure-python SequenceMatcher. Install python-Levenshtein to remove this warning')
WSGI app 0 (mountpoint='') ready in 14 seconds on interpreter 0x1f1d430 pid: 16826 (default app)
mountpoint  already configured. skip.
uWSGI running as root, you can use --uid/--gid/--chroot options
*** WARNING: you are running uWSGI as root !!! (use the --uid flag) *** 
*** uWSGI is running in multiple interpreter mode ***
spawned uWSGI worker 1 (and the only) (pid: 16826, cores: 1)
[pid: 16826|app: 0|req: 1/1] 127.0.0.1 () {40 vars in 546 bytes} [Mon Nov 12 10:38:04 2018] POST /match_icd => generated 1271 bytes in 7815 msecs (HTTP/1.1 200) 1 headers in 51 bytes (2 switches on core 0)
[pid: 16826|app: 0|req: 2/2] 127.0.0.1 () {40 vars in 544 bytes} [Mon Nov 12 10:38:31 2018] POST /match_icd => generated 1247 bytes in 2446 msecs (HTTP/1.1 200) 1 headers in 51 bytes (2 switches on core 0)
*** Starting uWSGI 2.0.17 (64bit) on [Mon Nov 12 14:07:24 2018] ***
compiled with version: 4.8.5 20150623 (Red Hat 4.8.5-16) on 13 March 2018 08:19:00
os: Linux-3.10.0-229.el7.x86_64 #1 SMP Fri Mar 6 11:36:42 UTC 2015
nodename: slave
machine: x86_64
clock source: unix
pcre jit disabled
detected number of CPU cores: 8
current working directory: /home/biaozhuxitong/match_icd/script
detected binary path: /root/anaconda2/bin/uwsgi
uWSGI running as root, you can use --uid/--gid/--chroot options
*** WARNING: you are running uWSGI as root !!! (use the --uid flag) *** 
*** WARNING: you are running uWSGI without its master process manager ***
your processes number limit is 4096
your memory page size is 4096 bytes
detected max file descriptor number: 65536
lock engine: pthread robust mutexes
thunder lock: disabled (you can enable it with --thunder-lock)
uwsgi socket 0 bound to TCP address :9003 fd 3
uWSGI running as root, you can use --uid/--gid/--chroot options
*** WARNING: you are running uWSGI as root !!! (use the --uid flag) *** 
Python version: 2.7.14 |Anaconda, Inc.| (default, Oct 16 2017, 17:29:19)  [GCC 7.2.0]
*** Python threads support is disabled. You can enable it with --enable-threads ***
Python main interpreter initialized at 0xb8f430
uWSGI running as root, you can use --uid/--gid/--chroot options
*** WARNING: you are running uWSGI as root !!! (use the --uid flag) *** 
your server socket listen backlog is limited to 100 connections
your mercy for graceful operations on workers is 60 seconds
mapped 72920 bytes (71 KB) for 1 cores
*** Operational MODE: single process ***
/root/anaconda2/lib/python2.7/site-packages/fuzzywuzzy/fuzz.py:35: UserWarning: Using slow pure-python SequenceMatcher. Install python-Levenshtein to remove this warning
  warnings.warn('Using slow pure-python SequenceMatcher. Install python-Levenshtein to remove this warning')
WSGI app 0 (mountpoint='') ready in 9 seconds on interpreter 0xb8f430 pid: 5179 (default app)
mountpoint  already configured. skip.
uWSGI running as root, you can use --uid/--gid/--chroot options
*** WARNING: you are running uWSGI as root !!! (use the --uid flag) *** 
*** uWSGI is running in multiple interpreter mode ***
spawned uWSGI worker 1 (and the only) (pid: 5179, cores: 1)
[pid: 5179|app: 0|req: 1/1] 127.0.0.1 () {40 vars in 546 bytes} [Mon Nov 12 14:09:43 2018] POST /match_icd => generated 78 bytes in 6665 msecs (HTTP/1.1 200) 1 headers in 51 bytes (2 switches on core 0)
[pid: 5179|app: 0|req: 2/2] 127.0.0.1 () {40 vars in 544 bytes} [Mon Nov 12 14:10:34 2018] POST /match_icd => generated 1193 bytes in 6171 msecs (HTTP/1.1 200) 1 headers in 51 bytes (2 switches on core 0)
*** Starting uWSGI 2.0.17 (64bit) on [Mon Nov 12 14:14:46 2018] ***
compiled with version: 4.8.5 20150623 (Red Hat 4.8.5-16) on 13 March 2018 08:19:00
os: Linux-3.10.0-229.el7.x86_64 #1 SMP Fri Mar 6 11:36:42 UTC 2015
nodename: slave
machine: x86_64
clock source: unix
pcre jit disabled
detected number of CPU cores: 8
current working directory: /home/biaozhuxitong/match_icd/script
detected binary path: /root/anaconda2/bin/uwsgi
uWSGI running as root, you can use --uid/--gid/--chroot options
*** WARNING: you are running uWSGI as root !!! (use the --uid flag) *** 
*** WARNING: you are running uWSGI without its master process manager ***
your processes number limit is 4096
your memory page size is 4096 bytes
detected max file descriptor number: 65536
lock engine: pthread robust mutexes
thunder lock: disabled (you can enable it with --thunder-lock)
uwsgi socket 0 bound to TCP address :9003 fd 3
uWSGI running as root, you can use --uid/--gid/--chroot options
*** WARNING: you are running uWSGI as root !!! (use the --uid flag) *** 
Python version: 2.7.14 |Anaconda, Inc.| (default, Oct 16 2017, 17:29:19)  [GCC 7.2.0]
*** Python threads support is disabled. You can enable it with --enable-threads ***
Python main interpreter initialized at 0x1fa2430
uWSGI running as root, you can use --uid/--gid/--chroot options
*** WARNING: you are running uWSGI as root !!! (use the --uid flag) *** 
your server socket listen backlog is limited to 100 connections
your mercy for graceful operations on workers is 60 seconds
mapped 72920 bytes (71 KB) for 1 cores
*** Operational MODE: single process ***
/root/anaconda2/lib/python2.7/site-packages/fuzzywuzzy/fuzz.py:35: UserWarning: Using slow pure-python SequenceMatcher. Install python-Levenshtein to remove this warning
  warnings.warn('Using slow pure-python SequenceMatcher. Install python-Levenshtein to remove this warning')
WSGI app 0 (mountpoint='') ready in 6 seconds on interpreter 0x1fa2430 pid: 5766 (default app)
mountpoint  already configured. skip.
uWSGI running as root, you can use --uid/--gid/--chroot options
*** WARNING: you are running uWSGI as root !!! (use the --uid flag) *** 
*** uWSGI is running in multiple interpreter mode ***
spawned uWSGI worker 1 (and the only) (pid: 5766, cores: 1)
*** Starting uWSGI 2.0.17 (64bit) on [Mon Nov 12 14:28:02 2018] ***
compiled with version: 4.8.5 20150623 (Red Hat 4.8.5-16) on 13 March 2018 08:19:00
os: Linux-3.10.0-229.el7.x86_64 #1 SMP Fri Mar 6 11:36:42 UTC 2015
nodename: slave
machine: x86_64
clock source: unix
pcre jit disabled
detected number of CPU cores: 8
current working directory: /home/biaozhuxitong/match_icd/script
detected binary path: /root/anaconda2/bin/uwsgi
uWSGI running as root, you can use --uid/--gid/--chroot options
*** WARNING: you are running uWSGI as root !!! (use the --uid flag) *** 
*** WARNING: you are running uWSGI without its master process manager ***
your processes number limit is 4096
your memory page size is 4096 bytes
detected max file descriptor number: 65536
lock engine: pthread robust mutexes
thunder lock: disabled (you can enable it with --thunder-lock)
uwsgi socket 0 bound to TCP address :9003 fd 3
uWSGI running as root, you can use --uid/--gid/--chroot options
*** WARNING: you are running uWSGI as root !!! (use the --uid flag) *** 
Python version: 2.7.14 |Anaconda, Inc.| (default, Oct 16 2017, 17:29:19)  [GCC 7.2.0]
*** Python threads support is disabled. You can enable it with --enable-threads ***
Python main interpreter initialized at 0xbec430
uWSGI running as root, you can use --uid/--gid/--chroot options
*** WARNING: you are running uWSGI as root !!! (use the --uid flag) *** 
your server socket listen backlog is limited to 100 connections
your mercy for graceful operations on workers is 60 seconds
mapped 72920 bytes (71 KB) for 1 cores
*** Operational MODE: single process ***
/root/anaconda2/lib/python2.7/site-packages/fuzzywuzzy/fuzz.py:35: UserWarning: Using slow pure-python SequenceMatcher. Install python-Levenshtein to remove this warning
  warnings.warn('Using slow pure-python SequenceMatcher. Install python-Levenshtein to remove this warning')
WSGI app 0 (mountpoint='') ready in 6 seconds on interpreter 0xbec430 pid: 7609 (default app)
mountpoint  already configured. skip.
uWSGI running as root, you can use --uid/--gid/--chroot options
*** WARNING: you are running uWSGI as root !!! (use the --uid flag) *** 
*** uWSGI is running in multiple interpreter mode ***
spawned uWSGI worker 1 (and the only) (pid: 7609, cores: 1)
[pid: 7609|app: 0|req: 1/1] 113.247.22.134 () {38 vars in 550 bytes} [Mon Nov 12 15:53:43 2018] POST /match_icd => generated 177 bytes in 4845 msecs (HTTP/1.1 200) 1 headers in 51 bytes (2 switches on core 0)
*** Starting uWSGI 2.0.17 (64bit) on [Mon Nov 12 16:16:33 2018] ***
compiled with version: 4.8.5 20150623 (Red Hat 4.8.5-16) on 13 March 2018 08:19:00
os: Linux-3.10.0-229.el7.x86_64 #1 SMP Fri Mar 6 11:36:42 UTC 2015
nodename: slave
machine: x86_64
clock source: unix
pcre jit disabled
detected number of CPU cores: 8
current working directory: /home/biaozhuxitong/match_icd/script
detected binary path: /root/anaconda2/bin/uwsgi
uWSGI running as root, you can use --uid/--gid/--chroot options
*** WARNING: you are running uWSGI as root !!! (use the --uid flag) *** 
*** WARNING: you are running uWSGI without its master process manager ***
your processes number limit is 4096
your memory page size is 4096 bytes
detected max file descriptor number: 65536
lock engine: pthread robust mutexes
thunder lock: disabled (you can enable it with --thunder-lock)
uwsgi socket 0 bound to TCP address :9003 fd 3
uWSGI running as root, you can use --uid/--gid/--chroot options
*** WARNING: you are running uWSGI as root !!! (use the --uid flag) *** 
Python version: 2.7.14 |Anaconda, Inc.| (default, Oct 16 2017, 17:29:19)  [GCC 7.2.0]
*** Python threads support is disabled. You can enable it with --enable-threads ***
Python main interpreter initialized at 0xedd430
uWSGI running as root, you can use --uid/--gid/--chroot options
*** WARNING: you are running uWSGI as root !!! (use the --uid flag) *** 
your server socket listen backlog is limited to 100 connections
your mercy for graceful operations on workers is 60 seconds
mapped 72920 bytes (71 KB) for 1 cores
*** Operational MODE: single process ***
/root/anaconda2/lib/python2.7/site-packages/fuzzywuzzy/fuzz.py:35: UserWarning: Using slow pure-python SequenceMatcher. Install python-Levenshtein to remove this warning
  warnings.warn('Using slow pure-python SequenceMatcher. Install python-Levenshtein to remove this warning')
Traceback (most recent call last):
  File "./service.py", line 6, in <module>
    from match_ICD10_api_zhenduan import icd_service as zd_icd_service
  File "./match_ICD10_api_zhenduan.py", line 11, in <module>
    import utils
  File "./utils.py", line 24
    bcjl_model:分词粒度大（如 肾积水），bcjl_model1:分词粒度小（如 肾/积水）
              ^
SyntaxError: invalid syntax
unable to load app 0 (mountpoint='') (callable not found or import error)
Traceback (most recent call last):
  File "service.py", line 6, in <module>
    from match_ICD10_api_zhenduan import icd_service as zd_icd_service
  File "./match_ICD10_api_zhenduan.py", line 11, in <module>
    import utils
  File "./utils.py", line 24
    bcjl_model:分词粒度大（如 肾积水），bcjl_model1:分词粒度小（如 肾/积水）
              ^
SyntaxError: invalid syntax
unable to load app 0 (mountpoint='') (callable not found or import error)
*** no app loaded. going in full dynamic mode ***
uWSGI running as root, you can use --uid/--gid/--chroot options
*** WARNING: you are running uWSGI as root !!! (use the --uid flag) *** 
*** uWSGI is running in multiple interpreter mode ***
spawned uWSGI worker 1 (and the only) (pid: 17605, cores: 1)
